  UnitTest1.cpp
D:\універ\лаби з алгоритмізації і програмування\LB9.2.01\LB9.2.01\main.cpp(12,9): warning C4005: 'PRINTI': macro redefinition
  (compiling source file '/UnitTest1.cpp')
      D:\універ\лаби з алгоритмізації і програмування\LB9.2.01\LB9.2.01\main.cpp(10,9):
      see previous definition of 'PRINTI'
  
D:\універ\лаби з алгоритмізації і програмування\LB9.2.01\LB9.2.01\main.cpp(19,5): error C4996: 'scanf': This function or variable may be unsafe. Consider using scanf_s instead. To disable deprecation, use _CRT_SECURE_NO_WARNINGS. See online help for details.
  (compiling source file '/UnitTest1.cpp')
  
D:\універ\лаби з алгоритмізації і програмування\LB9.2.01\LB9.2.01\main.cpp(21,5): error C4996: 'scanf': This function or variable may be unsafe. Consider using scanf_s instead. To disable deprecation, use _CRT_SECURE_NO_WARNINGS. See online help for details.
  (compiling source file '/UnitTest1.cpp')
  
D:\універ\лаби з алгоритмізації і програмування\LB9.2.01\LB9.2.01\main.cpp(23,5): error C4996: 'scanf': This function or variable may be unsafe. Consider using scanf_s instead. To disable deprecation, use _CRT_SECURE_NO_WARNINGS. See online help for details.
  (compiling source file '/UnitTest1.cpp')
  
D:\універ\лаби з алгоритмізації і програмування\LB9.2.01\UnitTest1\UnitTest1.cpp(8,5): error C2086: 'int x': redefinition
  (compiling source file '/UnitTest1.cpp')
      D:\універ\лаби з алгоритмізації і програмування\LB9.2.01\LB9.2.01\var.cpp(5,5):
      see declaration of 'x'
  
D:\універ\лаби з алгоритмізації і програмування\LB9.2.01\UnitTest1\UnitTest1.cpp(8,8): error C2086: 'int y': redefinition
  (compiling source file '/UnitTest1.cpp')
      D:\універ\лаби з алгоритмізації і програмування\LB9.2.01\LB9.2.01\var.cpp(5,8):
      see declaration of 'y'
  
D:\універ\лаби з алгоритмізації і програмування\LB9.2.01\UnitTest1\UnitTest1.cpp(8,11): error C2086: 'int z': redefinition
  (compiling source file '/UnitTest1.cpp')
      D:\універ\лаби з алгоритмізації і програмування\LB9.2.01\LB9.2.01\var.cpp(5,11):
      see declaration of 'z'
  
D:\універ\лаби з алгоритмізації і програмування\LB9.2.01\UnitTest1\UnitTest1.cpp(8,14): error C2086: 'int w': redefinition
  (compiling source file '/UnitTest1.cpp')
      D:\універ\лаби з алгоритмізації і програмування\LB9.2.01\LB9.2.01\var.cpp(5,14):
      see declaration of 'w'
  
